<?xml version="1.0" encoding="UTF-8"?>
<!-- Generated by org.testng.reporters.JUnitReportReporter -->
<testsuite hostname="Mac-mini-Jaziem.local" failures="0" tests="1" name="testCases.TC_LoginTest_001" time="4.667" errors="0" timestamp="2022-07-24T16:54:07 MYT" skipped="0">
  <testcase classname="testCases.TC_LoginTest_001" name="loginTest" time="4.667"/>
  <system-out/>
</testsuite> <!-- testCases.TC_LoginTest_001 -->
