<?xml version="1.0" encoding="UTF-8"?>
<!-- Generated by org.testng.reporters.JUnitReportReporter -->
<testsuite hostname="Mac-mini-Jaziem.local" failures="0" tests="1" name="testCases.TC_AddCustomer_003" time="18.402" errors="0" timestamp="2022-07-24T23:02:08 MYT" skipped="0">
  <testcase classname="testCases.TC_AddCustomer_003" name="addNewCustomer" time="18.402"/>
  <system-out/>
</testsuite> <!-- testCases.TC_AddCustomer_003 -->
