<?xml version="1.0" encoding="UTF-8"?>
<!-- Generated by org.testng.reporters.JUnitReportReporter -->
<testsuite hostname="Mac-mini-Jaziem.local" failures="0" tests="1" name="testCases.TC_AddCustomer_003" time="16.841" errors="0" timestamp="2022-07-25T15:05:00 MYT" skipped="0">
  <testcase classname="testCases.TC_AddCustomer_003" name="addNewCustomer" time="16.841"/>
  <system-out/>
</testsuite> <!-- testCases.TC_AddCustomer_003 -->
